<?xml version="1.0" encoding="UTF-8"?>
<!-- Generated by org.testng.reporters.JUnitReportReporter -->
<testsuite skipped="0" hostname="DESKTOP-CTUFDT2" name="learningspace.tests.ErrorValidations" tests="1" failures="0" timestamp="26 Nov 2022 19:57:55 GMT" time="8.861" errors="0">
  <testcase name="SubmitOrder" time="8.861" classname="learningspace.tests.ErrorValidations"/>
</testsuite> <!-- learningspace.tests.ErrorValidations -->
