<?xml version="1.0" encoding="UTF-8"?>
<!-- Generated by org.testng.reporters.JUnitReportReporter -->
<testsuite skipped="0" hostname="DESKTOP-CTUFDT2" name="learningspace.tests.ErrorValidationTests" tests="1" failures="0" timestamp="27 Nov 2022 08:00:16 GMT" time="12.372" errors="0">
  <testcase name="LoginErrorValidation" time="12.372" classname="learningspace.tests.ErrorValidationTests"/>
</testsuite> <!-- learningspace.tests.ErrorValidationTests -->
