<?xml version="1.0" encoding="UTF-8"?>
<!-- Generated by org.testng.reporters.JUnitReportReporter -->
<testsuite skipped="0" hostname="DESKTOP-CTUFDT2" name="learningspace.tests.SubmitOrderTest" tests="2" failures="0" timestamp="26 Nov 2022 21:33:57 GMT" time="20.622" errors="0">
  <testcase name="SubmitOrder" time="12.701" classname="learningspace.tests.SubmitOrderTest"/>
  <testcase name="VerifyOrder" time="7.921" classname="learningspace.tests.SubmitOrderTest"/>
</testsuite> <!-- learningspace.tests.SubmitOrderTest -->
