<?xml version="1.0" encoding="UTF-8"?>
<!-- Generated by org.testng.reporters.JUnitReportReporter -->
<testsuite skipped="0" hostname="DESKTOP-CTUFDT2" name="learningspace.tests.SubmitOrderTest" tests="2" failures="0" timestamp="27 Nov 2022 16:23:55 GMT" time="49.028" errors="0">
  <testcase name="SubmitOrder" time="23.809" classname="learningspace.tests.SubmitOrderTest"/>
  <testcase name="SubmitOrder" time="25.219" classname="learningspace.tests.SubmitOrderTest"/>
</testsuite> <!-- learningspace.tests.SubmitOrderTest -->
