<?xml version="1.0" encoding="UTF-8"?>
<!-- Generated by org.testng.reporters.JUnitReportReporter -->
<testsuite skipped="0" hostname="DESKTOP-CTUFDT2" name="learningspace.tests.ErrorValidationTests" tests="1" failures="0" timestamp="26 Nov 2022 21:47:53 GMT" time="8.901" errors="0">
  <testcase name="LoginErrorValidation" time="8.901" classname="learningspace.tests.ErrorValidationTests"/>
</testsuite> <!-- learningspace.tests.ErrorValidationTests -->
