<?xml version="1.0" encoding="UTF-8"?>
<!-- Generated by org.testng.reporters.JUnitReportReporter -->
<testsuite skipped="0" hostname="DESKTOP-CTUFDT2" name="learningspace.tests.SubmitOrder" tests="1" failures="0" timestamp="26 Nov 2022 20:34:07 GMT" time="23.728" errors="0">
  <testcase name="SubmitOrderPositive" time="23.728" classname="learningspace.tests.SubmitOrder"/>
</testsuite> <!-- learningspace.tests.SubmitOrder -->
