<?xml version="1.0" encoding="UTF-8"?>
<!-- Generated by org.testng.reporters.JUnitReportReporter -->
<testsuite skipped="0" hostname="DESKTOP-CTUFDT2" name="learningspace.tests.MainTest" tests="1" failures="0" timestamp="26 Nov 2022 16:10:28 GMT" time="31.417" errors="0">
  <testcase name="SubmitOrder" time="31.417" classname="learningspace.tests.MainTest"/>
</testsuite> <!-- learningspace.tests.MainTest -->
